Looking for git in: git
Using git 2.32.0 from git
> git rev-parse --git-dir
Open repository: /home/vengenzr/Downloads/dotfiles/suzuranteam-ti3-pw2021
> git status -z -u
> git symbolic-ref --short HEAD
> git for-each-ref --format=%(refname)%00%(upstream:short)%00%(objectname)%00%(upstream:track) refs/heads/master refs/remotes/master
> git for-each-ref --sort -committerdate --format %(refname) %(objectname) %(*objectname)
> git remote --verbose
Warning: Failed to watch ref '/home/vengenzr/Downloads/dotfiles/suzuranteam-ti3-pw2021/.git/refs/remotes/origin/master', is most likely packed.
> git config --get commit.template
> git check-ignore -v -z --stdin
> git check-ignore -v -z --stdin
> git show --textconv :css/style.css
> git ls-files --stage -- /home/vengenzr/Downloads/dotfiles/suzuranteam-ti3-pw2021/css/style.css
> git cat-file -s 7ff216d0f0358dec01998d0031a89adc3ba07caa
> git status -z -u
> git symbolic-ref --short HEAD
> git for-each-ref --format=%(refname)%00%(upstream:short)%00%(objectname)%00%(upstream:track) refs/heads/master refs/remotes/master
> git for-each-ref --sort -committerdate --format %(refname) %(objectname) %(*objectname)
> git remote --verbose
Warning: Failed to watch ref '/home/vengenzr/Downloads/dotfiles/suzuranteam-ti3-pw2021/.git/refs/remotes/origin/master', is most likely packed.
> git config --get commit.template
> git check-ignore -v -z --stdin
> git add -A -- .
> git -c user.useConfigOnly=true commit --quiet --allow-empty-message --file -
> git status -z -u
> git symbolic-ref --short HEAD
> git for-each-ref --format=%(refname)%00%(upstream:short)%00%(objectname)%00%(upstream:track) refs/heads/master refs/remotes/master
> git for-each-ref --sort -committerdate --format %(refname) %(objectname) %(*objectname)
> git remote --verbose
Warning: Failed to watch ref '/home/vengenzr/Downloads/dotfiles/suzuranteam-ti3-pw2021/.git/refs/remotes/origin/master', is most likely packed.
> git config --get commit.template
> git config --get commit.template
> git status -z -u
> git symbolic-ref --short HEAD
> git for-each-ref --format=%(refname)%00%(upstream:short)%00%(objectname)%00%(upstream:track) refs/heads/master refs/remotes/master
> git for-each-ref --sort -committerdate --format %(refname) %(objectname) %(*objectname)
> git remote --verbose
Warning: Failed to watch ref '/home/vengenzr/Downloads/dotfiles/suzuranteam-ti3-pw2021/.git/refs/remotes/origin/master', is most likely packed.
> git config --get commit.template
> git push origin master:master
To https://gitlab.com/ashard66/suzuranteam-ti3-pw2021.git
   5e392f0..6d795e9  master -> master
> git status -z -u
> git symbolic-ref --short HEAD
> git for-each-ref --format=%(refname)%00%(upstream:short)%00%(objectname)%00%(upstream:track) refs/heads/master refs/remotes/master
> git for-each-ref --sort -committerdate --format %(refname) %(objectname) %(*objectname)
> git remote --verbose
> git config --get commit.template
