Looking for git in: git
Using git 2.32.0 from git
Opening repository for path='/home/vengenzr/Videos' failed; ex=Failed to execute git {
  "exitCode": 128,
  "gitErrorCode": "NotAGitRepository",
  "gitCommand": "rev-parse",
  "stdout": "",
  "stderr": "fatal: not a git repository (or any of the parent directories): .git\n"
}
Opening repository for path='/home/vengenzr/Videos/kazam_ggjobzy0.movie' failed; ex=Error: spawn ENOTDIR
Opening repository for path='/home/vengenzr/Videos/simplescreenrecorder-2021-07-24_13.20.50.mkv' failed; ex=Error: spawn ENOTDIR
Opening repository for path='/home/vengenzr/Videos/simplescreenrecorder-2021-07-24_15.57.35.mkv' failed; ex=Error: spawn ENOTDIR
Opening repository for path='/home/vengenzr/Videos/simplescreenrecorder-2021-08-02_22.15.41.mkv' failed; ex=Error: spawn ENOTDIR
Opening repository for path='/home/vengenzr/Videos/simplescreenrecorder-2021-08-02_23.26.53.mkv' failed; ex=Error: spawn ENOTDIR
Opening repository for path='/home/vengenzr/Videos/simplescreenrecorder-2021-08-03_15.25.45.mkv' failed; ex=Error: spawn ENOTDIR
Opening repository for path='/home/vengenzr/Videos/simplescreenrecorder-2021-08-03_17.44.16.mkv' failed; ex=Error: spawn ENOTDIR
Opening repository for path='/home/vengenzr/Videos/simplescreenrecorder-2021-08-03_17.45.01.mkv' failed; ex=Error: spawn ENOTDIR
Opening repository for path='/home/vengenzr/Videos/simplescreenrecorder-2021-08-03_17.46.34.mp4' failed; ex=Error: spawn ENOTDIR
Opening repository for path='/home/vengenzr/Videos/simplescreenrecorder-2021-08-03_17.50.15.mp4' failed; ex=Error: spawn ENOTDIR
Opening repository for path='/home/vengenzr/Videos/simplescreenrecorder-2021-08-03_18.28.07.mp4' failed; ex=Error: spawn ENOTDIR
Opening repository for path='/home/vengenzr/Videos' failed; ex=Failed to execute git {
  "exitCode": 128,
  "gitErrorCode": "NotAGitRepository",
  "gitCommand": "rev-parse",
  "stdout": "",
  "stderr": "fatal: not a git repository (or any of the parent directories): .git\n"
}
Opening repository for path='/home/vengenzr/Videos' failed; ex=Failed to execute git {
  "exitCode": 128,
  "gitErrorCode": "NotAGitRepository",
  "gitCommand": "rev-parse",
  "stdout": "",
  "stderr": "fatal: not a git repository (or any of the parent directories): .git\n"
}
